20:42:17 **** Clean-only build of configuration Debug for project commons ****
make clean 
rm -rf  ./commons/collections/dictionary.o ./commons/collections/list.o ./commons/collections/queue.o  ./commons/bitarray.o ./commons/config.o ./commons/error.o ./commons/log.o ./commons/process.o ./commons/string.o ./commons/temporal.o ./commons/txt.o  ./commons/collections/dictionary.d ./commons/collections/list.d ./commons/collections/queue.d  ./commons/bitarray.d ./commons/config.d ./commons/error.d ./commons/log.d ./commons/process.d ./commons/string.d ./commons/temporal.d ./commons/txt.d  libcommons.so
 
20:42:17 **** Build of configuration Debug for project commons ****
make all 
Building file: ../commons/collections/dictionary.c
Invoking: GCC C Compiler
gcc -O0 -g3 -Wall -c -fmessage-length=0 -fPIC -MMD -MP -MF"commons/collections/dictionary.d" -MT"commons/collections/dictionary.d" -o "commons/collections/dictionary.o" "../commons/collections/dictionary.c"
Finished building: ../commons/collections/dictionary.c
 
Building file: ../commons/collections/list.c
Invoking: GCC C Compiler
gcc -O0 -g3 -Wall -c -fmessage-length=0 -fPIC -MMD -MP -MF"commons/collections/list.d" -MT"commons/collections/list.d" -o "commons/collections/list.o" "../commons/collections/list.c"
Finished building: ../commons/collections/list.c
 
Building file: ../commons/collections/queue.c
Invoking: GCC C Compiler
gcc -O0 -g3 -Wall -c -fmessage-length=0 -fPIC -MMD -MP -MF"commons/collections/queue.d" -MT"commons/collections/queue.d" -o "commons/collections/queue.o" "../commons/collections/queue.c"
Finished building: ../commons/collections/queue.c
 
Building file: ../commons/bitarray.c
Invoking: GCC C Compiler
gcc -O0 -g3 -Wall -c -fmessage-length=0 -fPIC -MMD -MP -MF"commons/bitarray.d" -MT"commons/bitarray.d" -o "commons/bitarray.o" "../commons/bitarray.c"
Finished building: ../commons/bitarray.c
 
Building file: ../commons/config.c
Invoking: GCC C Compiler
gcc -O0 -g3 -Wall -c -fmessage-length=0 -fPIC -MMD -MP -MF"commons/config.d" -MT"commons/config.d" -o "commons/config.o" "../commons/config.c"
Finished building: ../commons/config.c
 
Building file: ../commons/error.c
Invoking: GCC C Compiler
gcc -O0 -g3 -Wall -c -fmessage-length=0 -fPIC -MMD -MP -MF"commons/error.d" -MT"commons/error.d" -o "commons/error.o" "../commons/error.c"
Finished building: ../commons/error.c
 
Building file: ../commons/log.c
Invoking: GCC C Compiler
gcc -O0 -g3 -Wall -c -fmessage-length=0 -fPIC -MMD -MP -MF"commons/log.d" -MT"commons/log.d" -o "commons/log.o" "../commons/log.c"
Finished building: ../commons/log.c
 
Building file: ../commons/process.c
Invoking: GCC C Compiler
gcc -O0 -g3 -Wall -c -fmessage-length=0 -fPIC -MMD -MP -MF"commons/process.d" -MT"commons/process.d" -o "commons/process.o" "../commons/process.c"
Finished building: ../commons/process.c
 
Building file: ../commons/string.c
Invoking: GCC C Compiler
gcc -O0 -g3 -Wall -c -fmessage-length=0 -fPIC -MMD -MP -MF"commons/string.d" -MT"commons/string.d" -o "commons/string.o" "../commons/string.c"
Finished building: ../commons/string.c
 
Building file: ../commons/temporal.c
Invoking: GCC C Compiler
gcc -O0 -g3 -Wall -c -fmessage-length=0 -fPIC -MMD -MP -MF"commons/temporal.d" -MT"commons/temporal.d" -o "commons/temporal.o" "../commons/temporal.c"
Finished building: ../commons/temporal.c
 
Building file: ../commons/txt.c
Invoking: GCC C Compiler
gcc -O0 -g3 -Wall -c -fmessage-length=0 -fPIC -MMD -MP -MF"commons/txt.d" -MT"commons/txt.d" -o "commons/txt.o" "../commons/txt.c"
Finished building: ../commons/txt.c
 
Building target: libcommons.so
Invoking: GCC C Linker
gcc -shared -o "libcommons.so"  ./commons/collections/dictionary.o ./commons/collections/list.o ./commons/collections/queue.o  ./commons/bitarray.o ./commons/config.o ./commons/error.o ./commons/log.o ./commons/process.o ./commons/string.o ./commons/temporal.o ./commons/txt.o   
Finished building target: libcommons.so
 
20:42:18 **** Clean-only build of configuration Debug for project yamaLib ****
make clean 
rm -rf  ./lib.o  ./lib.d  libyamaLib.so
 
20:42:18 **** Build of configuration Debug for project yamaLib ****
make all 
Building file: ../lib.c
Invoking: GCC C Compiler
gcc -O0 -g3 -Wall -c -fmessage-length=0 -MMD -MP -MF"lib.d" -MT"lib.d" -o "lib.o" "../lib.c"
../lib.c: In function ‘saludar’:
../lib.c:5:5: warning: implicit declaration of function ‘puts’ [-Wimplicit-function-declaration]
     puts("hola");
     ^
Finished building: ../lib.c
 
Building target: libyamaLib.so
Invoking: GCC C Linker
gcc -shared -o "libyamaLib.so"  ./lib.o   
Finished building target: libyamaLib.so
 
20:42:19 **** Clean-only build of configuration Debug for project fileSystem ****
make clean 
rm -rf  ./src/fileSystem.o  ./src/fileSystem.d  fileSystem
 
20:42:19 **** Build of configuration Debug for project fileSystem ****
make all 
Building file: ../src/fileSystem.c
Invoking: GCC C Compiler
gcc -I"/home/utnso/workspace/tp-2017-2c-LaYamaQueLlama/yamaLib" -I"/home/utnso/workspace/tp-2017-2c-LaYamaQueLlama/commons" -O0 -g3 -Wall -c -fmessage-length=0 -MMD -MP -MF"src/fileSystem.d" -MT"src/fileSystem.d" -o "src/fileSystem.o" "../src/fileSystem.c"
../src/fileSystem.c: In function ‘main’:
../src/fileSystem.c:44:1: warning: control reaches end of non-void function [-Wreturn-type]
 }
 ^
Finished building: ../src/fileSystem.c
 
Building target: fileSystem
Invoking: GCC C Linker
gcc -L"/home/utnso/workspace/tp-2017-2c-LaYamaQueLlama/yamaLib/Debug" -L"/home/utnso/workspace/tp-2017-2c-LaYamaQueLlama/commons/Debug" -o "fileSystem"  ./src/fileSystem.o   -lreadline -lyamaLib -lcommons
Finished building target: fileSystem
 
20:42:38 **** Incremental Build of configuration Debug for project commons ****
make all 
make: No se hace nada para «all».
20:42:39 **** Incremental Build of configuration Debug for project yamaLib ****
make all 
make: No se hace nada para «all».
20:42:39 **** Incremental Build of configuration Debug for project fileSystem ****
make all 
make: No se hace nada para «all».
20:42:57 **** Incremental Build of configuration Debug for project commons ****
make all 
make: No se hace nada para «all».
20:42:57 **** Incremental Build of configuration Debug for project yamaLib ****
make all 
make: No se hace nada para «all».
20:42:57 **** Incremental Build of configuration Debug for project fileSystem ****
make all 
make: No se hace nada para «all».
20:43:06 **** Incremental Build of configuration Debug for project commons ****
make all 
make: No se hace nada para «all».
20:43:06 **** Incremental Build of configuration Debug for project yamaLib ****
make all 
make: No se hace nada para «all».
20:43:07 **** Incremental Build of configuration Debug for project yamaLib ****
make all 
make: No se hace nada para «all».
20:43:07 **** Incremental Build of configuration Debug for project commons ****
make all 
make: No se hace nada para «all».
20:43:07 **** Incremental Build of configuration Debug for project fileSystem ****
make all 
make: No se hace nada para «all».
20:43:43 **** Incremental Build of configuration Debug for project commons ****
make all 
make: No se hace nada para «all».
20:43:43 **** Incremental Build of configuration Debug for project yamaLib ****
make all 
make: No se hace nada para «all».
20:43:43 **** Incremental Build of configuration Debug for project fileSystem ****
make all 
make: No se hace nada para «all».
20:43:47 **** Incremental Build of configuration Debug for project commons ****
make all 
make: No se hace nada para «all».
20:43:47 **** Incremental Build of configuration Debug for project yamaLib ****
make all 
make: No se hace nada para «all».
20:43:48 **** Incremental Build of configuration Debug for project yamaLib ****
make all 
make: No se hace nada para «all».
20:43:48 **** Incremental Build of configuration Debug for project commons ****
make all 
make: No se hace nada para «all».
20:43:48 **** Incremental Build of configuration Debug for project fileSystem ****
make all 
Building file: ../src/fileSystem.c
Invoking: GCC C Compiler
gcc -I"/home/utnso/workspace/tp-2017-2c-LaYamaQueLlama/yamaLib" -I"/home/utnso/workspace/tp-2017-2c-LaYamaQueLlama/commons" -O0 -g3 -Wall -c -fmessage-length=0 -MMD -MP -MF"src/fileSystem.d" -MT"src/fileSystem.d" -o "src/fileSystem.o" "../src/fileSystem.c"
Finished building: ../src/fileSystem.c
 
Building target: fileSystem
Invoking: GCC C Linker
gcc -L"/home/utnso/workspace/tp-2017-2c-LaYamaQueLlama/yamaLib/Debug" -L"/home/utnso/workspace/tp-2017-2c-LaYamaQueLlama/commons/Debug" -o "fileSystem"  ./src/fileSystem.o   -lreadline -lyamaLib -lcommons
Finished building target: fileSystem
 
23:33:42 **** Build of configuration Debug for project commons ****
make all 
make: No se hace nada para «all».
23:33:42 **** Build of configuration Debug for project yamaLib ****
make all 
make: No se hace nada para «all».
23:33:43 **** Build of configuration Debug for project fileSystem ****
make all 
Building target: fileSystem
Invoking: GCC C Linker
gcc -L"/home/utnso/workspace/tp-2017-2c-LaYamaQueLlama/yamaLib/Debug" -L"/home/utnso/workspace/tp-2017-2c-LaYamaQueLlama/commons/Debug" -o "fileSystem"  ./src/fileSystem.o   -lreadline -lyamaLib -lcommons
Finished building target: fileSystem
 
23:33:48 **** Incremental Build of configuration Debug for project commons ****
make all 
make: No se hace nada para «all».
23:33:48 **** Incremental Build of configuration Debug for project yamaLib ****
make all 
make: No se hace nada para «all».
23:33:49 **** Incremental Build of configuration Debug for project commons ****
make all 
make: No se hace nada para «all».
23:33:49 **** Incremental Build of configuration Debug for project yamaLib ****
make all 
make: No se hace nada para «all».
23:33:49 **** Incremental Build of configuration Debug for project fileSystem ****
make all 
make: No se hace nada para «all».
23:33:57 **** Incremental Build of configuration Debug for project commons ****
make all 
make: No se hace nada para «all».
23:33:57 **** Incremental Build of configuration Debug for project yamaLib ****
make all 
make: No se hace nada para «all».
23:33:58 **** Incremental Build of configuration Debug for project commons ****
make all 
make: No se hace nada para «all».
23:33:58 **** Incremental Build of configuration Debug for project yamaLib ****
make all 
make: No se hace nada para «all».
23:33:58 **** Incremental Build of configuration Debug for project fileSystem ****
make all 
make: No se hace nada para «all».
23:35:16 **** Incremental Build of configuration Debug for project commons ****
make all 
make: No se hace nada para «all».
23:35:17 **** Incremental Build of configuration Debug for project yamaLib ****
make all 
make: No se hace nada para «all».
23:35:17 **** Incremental Build of configuration Debug for project commons ****
make all 
make: No se hace nada para «all».
23:35:18 **** Incremental Build of configuration Debug for project yamaLib ****
make all 
make: No se hace nada para «all».
23:35:18 **** Incremental Build of configuration Debug for project fileSystem ****
make all 
make: No se hace nada para «all».
23:35:20 **** Incremental Build of configuration Debug for project commons ****
make all 
make: No se hace nada para «all».
23:35:20 **** Incremental Build of configuration Debug for project yamaLib ****
make all 
make: No se hace nada para «all».
23:35:21 **** Incremental Build of configuration Debug for project commons ****
make all 
make: No se hace nada para «all».
23:35:21 **** Incremental Build of configuration Debug for project yamaLib ****
make all 
make: No se hace nada para «all».
23:35:21 **** Incremental Build of configuration Debug for project fileSystem ****
make all 
make: No se hace nada para «all».
